<?xml version="1.0" encoding="UTF-8" ?>
<testsuite errors="0" failures="0" hostname="wa409-014w" name="Test.DoorChangeTest" skipped="0" tests="1" time="0.295" timestamp="2018-10-18T23:07:43">
  <properties>
[...]
</properties>
  <testcase classname="Test.DoorChangeTest" name="connecttest" time="0.245" />
  <system-out><![CDATA[* * * * * * * * * * *  
*         *         *      Map information 
*   1     *     2   *      'P' is player, 'M' is monster, 'S' is shop, 'D' is door, '*' is wall, 'B' is boss. 
*                   *      If you want to escape from this disappointing world just type 0. 
*             *     *      For more hits or information please type 1. 
*         P   *     *      To check player states please type '2' 
*             * * * *      To check you bag please type 'b' 
*   *         *     *      Player heals 100.0 
*   *         * S   *      Player level 1 
* D *     3         *   
* * * * * * * * * * *  
* * * * * * * * * * *  
*       *   *       *      Map information 
*       *   *       *      'P' is player, 'M' is monster, 'S' is shop, 'D' is door, '*' is wall, 'B' is boss. 
*       *   *       *      If you want to escape from this disappointing world just type 0. 
* * * * *   * * * * *      For more hits or information please type 1. 
*                   *      To check player states please type '2' 
*   * * *   * * *   *      To check you bag please type 'b' 
*   *           *   *      Player heals 100.0 
* P *     B     *   *      Player level 1 
* D *           *   *   
* * * * * * * * * * *  
]]></system-out>
  <system-err><![CDATA[]]></system-err>
</testsuite>
